[debug] [2021-08-16T20:17:49.207Z] ----------------------------------------------------------------------
[debug] [2021-08-16T20:17:49.208Z] Command:       C:\Program Files\nodejs\node.exe C:\Users\omarf\AppData\Roaming\npm\node_modules\firebase-tools\lib\bin\firebase.js init
[debug] [2021-08-16T20:17:49.209Z] CLI Version:   9.16.5
[debug] [2021-08-16T20:17:49.209Z] Platform:      win32
[debug] [2021-08-16T20:17:49.209Z] Node Version:  v14.17.3
[debug] [2021-08-16T20:17:49.215Z] Time:          Mon Aug 16 2021 15:17:49 GMT-0500 (hora estándar de Perú)
[debug] [2021-08-16T20:17:49.215Z] ----------------------------------------------------------------------
[debug] 
[debug] [2021-08-16T20:17:49.218Z] >>> [apiv2][query] GET https://firebase-public.firebaseio.com/cli.json [none]
[debug] [2021-08-16T20:17:49.240Z] > command requires scopes: ["email","openid","https://www.googleapis.com/auth/cloudplatformprojects.readonly","https://www.googleapis.com/auth/firebase","https://www.googleapis.com/auth/cloud-platform"]
[debug] [2021-08-16T20:17:49.240Z] > authorizing via signed-in user (magentadin@gmail.com)
[info] 
     ######## #### ########  ######## ########     ###     ######  ########
     ##        ##  ##     ## ##       ##     ##  ##   ##  ##       ##
     ######    ##  ########  ######   ########  #########  ######  ######
     ##        ##  ##    ##  ##       ##     ## ##     ##       ## ##
     ##       #### ##     ## ######## ########  ##     ##  ######  ########

You're about to initialize a Firebase project in this directory:

  C:\Users\omarf\projects\dev\front\qrscanner

[debug] [2021-08-16T20:17:50.044Z] <<< [apiv2][status] GET https://firebase-public.firebaseio.com/cli.json 200
[debug] [2021-08-16T20:17:50.045Z] <<< [apiv2][body] GET https://firebase-public.firebaseio.com/cli.json {"cloudBuildErrorAfter":1594252800000,"cloudBuildWarnAfter":1590019200000,"defaultNode10After":1594252800000,"minVersion":"3.0.5","node8DeploysDisabledAfter":1613390400000,"node8RuntimeDisabledAfter":1615809600000,"node8WarnAfter":1600128000000}
[info] 
=== Project Setup
[info] 
[info] First, let's associate this project directory with a Firebase project.
[info] You can create multiple project aliases by running firebase use --add, 
[info] but for now we'll just set up a default project.
[info] 
[debug] [2021-08-16T20:18:32.270Z] > refreshing access token with scopes: []
[debug] [2021-08-16T20:18:32.271Z] >>> HTTP REQUEST POST https://www.googleapis.com/oauth2/v3/token  
 <request body omitted>
[debug] [2021-08-16T20:18:32.622Z] <<< HTTP RESPONSE 200 {"date":"Mon, 16 Aug 2021 20:18:32 GMT","cache-control":"no-cache, no-store, max-age=0, must-revalidate","expires":"Mon, 01 Jan 1990 00:00:00 GMT","pragma":"no-cache","content-type":"application/json; charset=utf-8","vary":"X-Origin, Referer, Origin,Accept-Encoding","server":"scaffolding on HTTPServer2","x-xss-protection":"0","x-frame-options":"SAMEORIGIN","x-content-type-options":"nosniff","alt-svc":"h3=\":443\"; ma=2592000,h3-29=\":443\"; ma=2592000,h3-T051=\":443\"; ma=2592000,h3-Q050=\":443\"; ma=2592000,h3-Q046=\":443\"; ma=2592000,h3-Q043=\":443\"; ma=2592000,quic=\":443\"; ma=2592000; v=\"46,43\"","accept-ranges":"none","transfer-encoding":"chunked"}
[debug] [2021-08-16T20:18:32.639Z] >>> [apiv2][query] GET https://firebase.googleapis.com/v1beta1/projects pageSize=100
[debug] [2021-08-16T20:18:33.396Z] <<< [apiv2][status] GET https://firebase.googleapis.com/v1beta1/projects 200
[debug] [2021-08-16T20:18:33.396Z] <<< [apiv2][body] GET https://firebase.googleapis.com/v1beta1/projects [omitted]
[debug] [2021-08-16T20:19:24.133Z] ----------------------------------------------------------------------
[debug] [2021-08-16T20:19:24.135Z] Command:       C:\Program Files\nodejs\node.exe C:\Users\omarf\AppData\Roaming\npm\node_modules\firebase-tools\lib\bin\firebase.js init
[debug] [2021-08-16T20:19:24.136Z] CLI Version:   9.16.5
[debug] [2021-08-16T20:19:24.136Z] Platform:      win32
[debug] [2021-08-16T20:19:24.136Z] Node Version:  v14.17.3
[debug] [2021-08-16T20:19:24.137Z] Time:          Mon Aug 16 2021 15:19:24 GMT-0500 (hora estándar de Perú)
[debug] [2021-08-16T20:19:24.137Z] ----------------------------------------------------------------------
[debug] 
[debug] [2021-08-16T20:19:24.151Z] > command requires scopes: ["email","openid","https://www.googleapis.com/auth/cloudplatformprojects.readonly","https://www.googleapis.com/auth/firebase","https://www.googleapis.com/auth/cloud-platform"]
[debug] [2021-08-16T20:19:24.151Z] > authorizing via signed-in user (magentadin@gmail.com)
[info] 
     ######## #### ########  ######## ########     ###     ######  ########
     ##        ##  ##     ## ##       ##     ##  ##   ##  ##       ##
     ######    ##  ########  ######   ########  #########  ######  ######
     ##        ##  ##    ##  ##       ##     ## ##     ##       ## ##
     ##       #### ##     ## ######## ########  ##     ##  ######  ########

You're about to initialize a Firebase project in this directory:

  C:\Users\omarf\projects\dev\front\qrscanner

[info] 
=== Project Setup
[info] 
[info] First, let's associate this project directory with a Firebase project.
[info] You can create multiple project aliases by running firebase use --add, 
[info] but for now we'll just set up a default project.
[info] 
[debug] [2021-08-16T20:19:38.647Z] >>> [apiv2][query] GET https://firebase.googleapis.com/v1beta1/projects pageSize=100
[debug] [2021-08-16T20:19:39.100Z] <<< [apiv2][status] GET https://firebase.googleapis.com/v1beta1/projects 200
[debug] [2021-08-16T20:19:39.100Z] <<< [apiv2][body] GET https://firebase.googleapis.com/v1beta1/projects [omitted]
